/home/ashrafs2/OKT/main_student_model.py:10: NeptuneDeprecationWarning: You're importing the Neptune client library via the deprecated `neptune.new` module, which will be removed in a future release. Import directly from `neptune` instead.
  import neptune.new as neptune
splitting students' records ...:   0%|          | 0/39796 [00:00<?, ?it/s]splitting students' records ...:   5%|▌         | 2155/39796 [00:00<00:01, 21539.85it/s]splitting students' records ...:  11%|█         | 4355/39796 [00:00<00:01, 21809.14it/s]splitting students' records ...:  16%|█▋        | 6552/39796 [00:00<00:01, 21880.38it/s]splitting students' records ...:  22%|██▏       | 8748/39796 [00:00<00:01, 21908.15it/s]splitting students' records ...:  27%|██▋       | 10940/39796 [00:00<00:01, 21911.33it/s]splitting students' records ...:  33%|███▎      | 13142/39796 [00:00<00:01, 21945.79it/s]splitting students' records ...:  39%|███▊      | 15337/39796 [00:00<00:01, 21938.76it/s]splitting students' records ...:  44%|████▍     | 17532/39796 [00:00<00:01, 21941.35it/s]splitting students' records ...:  50%|████▉     | 19727/39796 [00:00<00:00, 21942.39it/s]splitting students' records ...:  55%|█████▌    | 21929/39796 [00:01<00:00, 21963.42it/s]splitting students' records ...:  61%|██████    | 24133/39796 [00:01<00:00, 21983.65it/s]splitting students' records ...:  66%|██████▌   | 26336/39796 [00:01<00:00, 21995.38it/s]splitting students' records ...:  72%|███████▏  | 28538/39796 [00:01<00:00, 22001.87it/s]splitting students' records ...:  77%|███████▋  | 30739/39796 [00:01<00:00, 21993.82it/s]splitting students' records ...:  83%|████████▎ | 32943/39796 [00:01<00:00, 22005.19it/s]splitting students' records ...:  88%|████████▊ | 35144/39796 [00:01<00:00, 21982.24it/s]splitting students' records ...:  94%|█████████▍| 37343/39796 [00:01<00:00, 21980.48it/s]splitting students' records ...:  99%|█████████▉| 39542/39796 [00:01<00:00, 21956.42it/s]splitting students' records ...: 100%|██████████| 39796/39796 [00:01<00:00, 21946.38it/s]
validation ...
testing ...
validation ...
testing ...
validation ...
testing ...
validation ...
testing ...
validation ...
testing ...
validation ...
testing ...
validation ...
testing ...
validation ...
testing ...
validation ...
testing ...
validation ...
testing ...
validation ...
testing ...
validation ...
testing ...
validation ...
testing ...
validation ...
testing ...
validation ...
testing ...
validation ...
testing ...
validation ...
testing ...
validation ...
testing ...
validation ...
testing ...
validation ...
testing ...
validation ...
testing ...
validation ...
testing ...
validation ...
testing ...
validation ...
testing ...
validation ...
testing ...
validation ...
testing ...
validation ...
testing ...
validation ...
testing ...
validation ...
testing ...
validation ...
testing ...
validation ...
testing ...
validation ...
testing ...
validation ...
testing ...
validation ...
testing ...
validation ...
testing ...
validation ...
testing ...
validation ...
testing ...
validation ...
testing ...
validation ...
testing ...
validation ...
testing ...
validation ...
testing ...
validation ...
testing ...
validation ...
testing ...
validation ...
testing ...
validation ...
testing ...
validation ...
testing ...
validation ...
testing ...
validation ...
testing ...
validation ...
testing ...
validation ...
testing ...
validation ...
testing ...
validation ...
testing ...
validation ...
testing ...
validation ...
testing ...
validation ...
testing ...
validation ...
testing ...
validation ...
testing ...
validation ...
testing ...
validation ...
testing ...
validation ...
testing ...
validation ...
testing ...
validation ...
testing ...
validation ...
testing ...
validation ...
testing ...
validation ...
testing ...
validation ...
testing ...
validation ...
testing ...
validation ...
testing ...
validation ...
testing ...
validation ...
testing ...
validation ...
testing ...
validation ...
testing ...
validation ...
testing ...
validation ...
testing ...
validation ...
testing ...
validation ...
testing ...
validation ...
testing ...
validation ...
testing ...
validation ...
testing ...
validation ...
testing ...
validation ...
testing ...
validation ...
testing ...
validation ...
testing ...
validation ...
testing ...
validation ...
testing ...
validation ...
testing ...
validation ...
testing ...
validation ...
testing ...
validation ...
testing ...
validation ...
testing ...
validation ...
testing ...
validation ...
testing ...
validation ...
testing ...
validation ...
testing ...
validation ...
testing ...
validation ...
testing ...
validation ...
testing ...
validation ...
testing ...
validation ...
testing ...
validation ...
testing ...
